PhysicalEngine.obj : error LNK2005: "unsigned int __cdecl TextureFromFile(char const *,class std::basic_string<char,struct std::char_traits<char>,class std::allocator<char> > const &,bool)" (?TextureFromFile@@YAIPEBDAEBV?$basic_string@DU?$char_traits@D@std@@V?$allocator@D@2@@std@@_N@Z) 已经在 main.obj 中定义
bullet_lib.lib(btAlignedAllocator.obj) : warning LNK4099: 未找到 PDB“”(使用“bullet_lib.lib(btAlignedAllocator.obj)”或在“”中寻找)；正在链接对象，如同没有调试信息一样
bullet_lib.lib(btCollisionDispatcher.obj) : warning LNK4099: 未找到 PDB“”(使用“bullet_lib.lib(btCollisionDispatcher.obj)”或在“”中寻找)；正在链接对象，如同没有调试信息一样
bullet_lib.lib(btCollisionShape.obj) : warning LNK4099: 未找到 PDB“”(使用“bullet_lib.lib(btCollisionShape.obj)”或在“”中寻找)；正在链接对象，如同没有调试信息一样
bullet_lib.lib(btConvexShape.obj) : warning LNK4099: 未找到 PDB“”(使用“bullet_lib.lib(btConvexShape.obj)”或在“”中寻找)；正在链接对象，如同没有调试信息一样
bullet_lib.lib(btConvexInternalShape.obj) : warning LNK4099: 未找到 PDB“”(使用“bullet_lib.lib(btConvexInternalShape.obj)”或在“”中寻找)；正在链接对象，如同没有调试信息一样
bullet_lib.lib(btSphereShape.obj) : warning LNK4099: 未找到 PDB“”(使用“bullet_lib.lib(btSphereShape.obj)”或在“”中寻找)；正在链接对象，如同没有调试信息一样
bullet_lib.lib(btCapsuleShape.obj) : warning LNK4099: 未找到 PDB“”(使用“bullet_lib.lib(btCapsuleShape.obj)”或在“”中寻找)；正在链接对象，如同没有调试信息一样
bullet_lib.lib(btStaticPlaneShape.obj) : warning LNK4099: 未找到 PDB“”(使用“bullet_lib.lib(btStaticPlaneShape.obj)”或在“”中寻找)；正在链接对象，如同没有调试信息一样
bullet_lib.lib(btDefaultCollisionConfiguration.obj) : warning LNK4099: 未找到 PDB“”(使用“bullet_lib.lib(btDefaultCollisionConfiguration.obj)”或在“”中寻找)；正在链接对象，如同没有调试信息一样
bullet_lib.lib(btDbvtBroadphase.obj) : warning LNK4099: 未找到 PDB“”(使用“bullet_lib.lib(btDbvtBroadphase.obj)”或在“”中寻找)；正在链接对象，如同没有调试信息一样
bullet_lib.lib(btDiscreteDynamicsWorld.obj) : warning LNK4099: 未找到 PDB“”(使用“bullet_lib.lib(btDiscreteDynamicsWorld.obj)”或在“”中寻找)；正在链接对象，如同没有调试信息一样
bullet_lib.lib(btRigidBody.obj) : warning LNK4099: 未找到 PDB“”(使用“bullet_lib.lib(btRigidBody.obj)”或在“”中寻找)；正在链接对象，如同没有调试信息一样
bullet_lib.lib(btSequentialImpulseConstraintSolver.obj) : warning LNK4099: 未找到 PDB“”(使用“bullet_lib.lib(btSequentialImpulseConstraintSolver.obj)”或在“”中寻找)；正在链接对象，如同没有调试信息一样
bullet_lib.lib(btKinematicCharacterController.obj) : warning LNK4099: 未找到 PDB“”(使用“bullet_lib.lib(btKinematicCharacterController.obj)”或在“”中寻找)；正在链接对象，如同没有调试信息一样
bullet_lib.lib(btGhostObject.obj) : warning LNK4099: 未找到 PDB“”(使用“bullet_lib.lib(btGhostObject.obj)”或在“”中寻找)；正在链接对象，如同没有调试信息一样
bullet_lib.lib(btDispatcher.obj) : warning LNK4099: 未找到 PDB“”(使用“bullet_lib.lib(btDispatcher.obj)”或在“”中寻找)；正在链接对象，如同没有调试信息一样
bullet_lib.lib(btPersistentManifold.obj) : warning LNK4099: 未找到 PDB“”(使用“bullet_lib.lib(btPersistentManifold.obj)”或在“”中寻找)；正在链接对象，如同没有调试信息一样
bullet_lib.lib(btManifoldResult.obj) : warning LNK4099: 未找到 PDB“”(使用“bullet_lib.lib(btManifoldResult.obj)”或在“”中寻找)；正在链接对象，如同没有调试信息一样
bullet_lib.lib(btQuickprof.obj) : warning LNK4099: 未找到 PDB“”(使用“bullet_lib.lib(btQuickprof.obj)”或在“”中寻找)；正在链接对象，如同没有调试信息一样
bullet_lib.lib(btVector3.obj) : warning LNK4099: 未找到 PDB“”(使用“bullet_lib.lib(btVector3.obj)”或在“”中寻找)；正在链接对象，如同没有调试信息一样
bullet_lib.lib(btConcaveShape.obj) : warning LNK4099: 未找到 PDB“”(使用“bullet_lib.lib(btConcaveShape.obj)”或在“”中寻找)；正在链接对象，如同没有调试信息一样
bullet_lib.lib(btConvexConvexAlgorithm.obj) : warning LNK4099: 未找到 PDB“”(使用“bullet_lib.lib(btConvexConvexAlgorithm.obj)”或在“”中寻找)；正在链接对象，如同没有调试信息一样
bullet_lib.lib(btEmptyCollisionAlgorithm.obj) : warning LNK4099: 未找到 PDB“”(使用“bullet_lib.lib(btEmptyCollisionAlgorithm.obj)”或在“”中寻找)；正在链接对象，如同没有调试信息一样
bullet_lib.lib(btConvexConcaveCollisionAlgorithm.obj) : warning LNK4099: 未找到 PDB“”(使用“bullet_lib.lib(btConvexConcaveCollisionAlgorithm.obj)”或在“”中寻找)；正在链接对象，如同没有调试信息一样
bullet_lib.lib(btCompoundCollisionAlgorithm.obj) : warning LNK4099: 未找到 PDB“”(使用“bullet_lib.lib(btCompoundCollisionAlgorithm.obj)”或在“”中寻找)；正在链接对象，如同没有调试信息一样
bullet_lib.lib(btCompoundCompoundCollisionAlgorithm.obj) : warning LNK4099: 未找到 PDB“”(使用“bullet_lib.lib(btCompoundCompoundCollisionAlgorithm.obj)”或在“”中寻找)；正在链接对象，如同没有调试信息一样
bullet_lib.lib(btConvexPlaneCollisionAlgorithm.obj) : warning LNK4099: 未找到 PDB“”(使用“bullet_lib.lib(btConvexPlaneCollisionAlgorithm.obj)”或在“”中寻找)；正在链接对象，如同没有调试信息一样
bullet_lib.lib(btBoxBoxCollisionAlgorithm.obj) : warning LNK4099: 未找到 PDB“”(使用“bullet_lib.lib(btBoxBoxCollisionAlgorithm.obj)”或在“”中寻找)；正在链接对象，如同没有调试信息一样
bullet_lib.lib(btSphereSphereCollisionAlgorithm.obj) : warning LNK4099: 未找到 PDB“”(使用“bullet_lib.lib(btSphereSphereCollisionAlgorithm.obj)”或在“”中寻找)；正在链接对象，如同没有调试信息一样
bullet_lib.lib(btSphereTriangleCollisionAlgorithm.obj) : warning LNK4099: 未找到 PDB“”(使用“bullet_lib.lib(btSphereTriangleCollisionAlgorithm.obj)”或在“”中寻找)；正在链接对象，如同没有调试信息一样
bullet_lib.lib(btGjkEpaPenetrationDepthSolver.obj) : warning LNK4099: 未找到 PDB“”(使用“bullet_lib.lib(btGjkEpaPenetrationDepthSolver.obj)”或在“”中寻找)；正在链接对象，如同没有调试信息一样
bullet_lib.lib(btMinkowskiPenetrationDepthSolver.obj) : warning LNK4099: 未找到 PDB“”(使用“bullet_lib.lib(btMinkowskiPenetrationDepthSolver.obj)”或在“”中寻找)；正在链接对象，如同没有调试信息一样
bullet_lib.lib(btDbvt.obj) : warning LNK4099: 未找到 PDB“”(使用“bullet_lib.lib(btDbvt.obj)”或在“”中寻找)；正在链接对象，如同没有调试信息一样
bullet_lib.lib(btOverlappingPairCache.obj) : warning LNK4099: 未找到 PDB“”(使用“bullet_lib.lib(btOverlappingPairCache.obj)”或在“”中寻找)；正在链接对象，如同没有调试信息一样
bullet_lib.lib(btCollisionObject.obj) : warning LNK4099: 未找到 PDB“”(使用“bullet_lib.lib(btCollisionObject.obj)”或在“”中寻找)；正在链接对象，如同没有调试信息一样
bullet_lib.lib(btCollisionWorld.obj) : warning LNK4099: 未找到 PDB“”(使用“bullet_lib.lib(btCollisionWorld.obj)”或在“”中寻找)；正在链接对象，如同没有调试信息一样
bullet_lib.lib(btSimulationIslandManager.obj) : warning LNK4099: 未找到 PDB“”(使用“bullet_lib.lib(btSimulationIslandManager.obj)”或在“”中寻找)；正在链接对象，如同没有调试信息一样
bullet_lib.lib(btTypedConstraint.obj) : warning LNK4099: 未找到 PDB“”(使用“bullet_lib.lib(btTypedConstraint.obj)”或在“”中寻找)；正在链接对象，如同没有调试信息一样
bullet_lib.lib(btConeTwistConstraint.obj) : warning LNK4099: 未找到 PDB“”(使用“bullet_lib.lib(btConeTwistConstraint.obj)”或在“”中寻找)；正在链接对象，如同没有调试信息一样
bullet_lib.lib(btGeneric6DofConstraint.obj) : warning LNK4099: 未找到 PDB“”(使用“bullet_lib.lib(btGeneric6DofConstraint.obj)”或在“”中寻找)；正在链接对象，如同没有调试信息一样
bullet_lib.lib(btActivatingCollisionAlgorithm.obj) : warning LNK4099: 未找到 PDB“”(使用“bullet_lib.lib(btActivatingCollisionAlgorithm.obj)”或在“”中寻找)；正在链接对象，如同没有调试信息一样
bullet_lib.lib(btGjkPairDetector.obj) : warning LNK4099: 未找到 PDB“”(使用“bullet_lib.lib(btGjkPairDetector.obj)”或在“”中寻找)；正在链接对象，如同没有调试信息一样
bullet_lib.lib(btPolyhedralContactClipping.obj) : warning LNK4099: 未找到 PDB“”(使用“bullet_lib.lib(btPolyhedralContactClipping.obj)”或在“”中寻找)；正在链接对象，如同没有调试信息一样
bullet_lib.lib(btConvexPolyhedron.obj) : warning LNK4099: 未找到 PDB“”(使用“bullet_lib.lib(btConvexPolyhedron.obj)”或在“”中寻找)；正在链接对象，如同没有调试信息一样
bullet_lib.lib(btConvexCast.obj) : warning LNK4099: 未找到 PDB“”(使用“bullet_lib.lib(btConvexCast.obj)”或在“”中寻找)；正在链接对象，如同没有调试信息一样
bullet_lib.lib(btGjkConvexCast.obj) : warning LNK4099: 未找到 PDB“”(使用“bullet_lib.lib(btGjkConvexCast.obj)”或在“”中寻找)；正在链接对象，如同没有调试信息一样
bullet_lib.lib(btCollisionAlgorithm.obj) : warning LNK4099: 未找到 PDB“”(使用“bullet_lib.lib(btCollisionAlgorithm.obj)”或在“”中寻找)；正在链接对象，如同没有调试信息一样
bullet_lib.lib(btTriangleCallback.obj) : warning LNK4099: 未找到 PDB“”(使用“bullet_lib.lib(btTriangleCallback.obj)”或在“”中寻找)；正在链接对象，如同没有调试信息一样
bullet_lib.lib(btPolyhedralConvexShape.obj) : warning LNK4099: 未找到 PDB“”(使用“bullet_lib.lib(btPolyhedralConvexShape.obj)”或在“”中寻找)；正在链接对象，如同没有调试信息一样
bullet_lib.lib(btSubSimplexConvexCast.obj) : warning LNK4099: 未找到 PDB“”(使用“bullet_lib.lib(btSubSimplexConvexCast.obj)”或在“”中寻找)；正在链接对象，如同没有调试信息一样
bullet_lib.lib(btSdfCollisionShape.obj) : warning LNK4099: 未找到 PDB“”(使用“bullet_lib.lib(btSdfCollisionShape.obj)”或在“”中寻找)；正在链接对象，如同没有调试信息一样
bullet_lib.lib(btHashedSimplePairCache.obj) : warning LNK4099: 未找到 PDB“”(使用“bullet_lib.lib(btHashedSimplePairCache.obj)”或在“”中寻找)；正在链接对象，如同没有调试信息一样
bullet_lib.lib(btBoxBoxDetector.obj) : warning LNK4099: 未找到 PDB“”(使用“bullet_lib.lib(btBoxBoxDetector.obj)”或在“”中寻找)；正在链接对象，如同没有调试信息一样
bullet_lib.lib(SphereTriangleDetector.obj) : warning LNK4099: 未找到 PDB“”(使用“bullet_lib.lib(SphereTriangleDetector.obj)”或在“”中寻找)；正在链接对象，如同没有调试信息一样
bullet_lib.lib(btVoronoiSimplexSolver.obj) : warning LNK4099: 未找到 PDB“”(使用“bullet_lib.lib(btVoronoiSimplexSolver.obj)”或在“”中寻找)；正在链接对象，如同没有调试信息一样
bullet_lib.lib(btGjkEpa2.obj) : warning LNK4099: 未找到 PDB“”(使用“bullet_lib.lib(btGjkEpa2.obj)”或在“”中寻找)；正在链接对象，如同没有调试信息一样
bullet_lib.lib(btBvhTriangleMeshShape.obj) : warning LNK4099: 未找到 PDB“”(使用“bullet_lib.lib(btBvhTriangleMeshShape.obj)”或在“”中寻找)；正在链接对象，如同没有调试信息一样
bullet_lib.lib(btHeightfieldTerrainShape.obj) : warning LNK4099: 未找到 PDB“”(使用“bullet_lib.lib(btHeightfieldTerrainShape.obj)”或在“”中寻找)；正在链接对象，如同没有调试信息一样
bullet_lib.lib(btRaycastCallback.obj) : warning LNK4099: 未找到 PDB“”(使用“bullet_lib.lib(btRaycastCallback.obj)”或在“”中寻找)；正在链接对象，如同没有调试信息一样
bullet_lib.lib(btContinuousConvexCollision.obj) : warning LNK4099: 未找到 PDB“”(使用“bullet_lib.lib(btContinuousConvexCollision.obj)”或在“”中寻找)；正在链接对象，如同没有调试信息一样
bullet_lib.lib(btUnionFind.obj) : warning LNK4099: 未找到 PDB“”(使用“bullet_lib.lib(btUnionFind.obj)”或在“”中寻找)；正在链接对象，如同没有调试信息一样
bullet_lib.lib(btConvexHullComputer.obj) : warning LNK4099: 未找到 PDB“”(使用“bullet_lib.lib(btConvexHullComputer.obj)”或在“”中寻找)；正在链接对象，如同没有调试信息一样
bullet_lib.lib(btGeometryUtil.obj) : warning LNK4099: 未找到 PDB“”(使用“bullet_lib.lib(btGeometryUtil.obj)”或在“”中寻找)；正在链接对象，如同没有调试信息一样
bullet_lib.lib(btMiniSDF.obj) : warning LNK4099: 未找到 PDB“”(使用“bullet_lib.lib(btMiniSDF.obj)”或在“”中寻找)；正在链接对象，如同没有调试信息一样
bullet_lib.lib(btTriangleMeshShape.obj) : warning LNK4099: 未找到 PDB“”(使用“bullet_lib.lib(btTriangleMeshShape.obj)”或在“”中寻找)；正在链接对象，如同没有调试信息一样
bullet_lib.lib(btQuantizedBvh.obj) : warning LNK4099: 未找到 PDB“”(使用“bullet_lib.lib(btQuantizedBvh.obj)”或在“”中寻找)；正在链接对象，如同没有调试信息一样
bullet_lib.lib(btOptimizedBvh.obj) : warning LNK4099: 未找到 PDB“”(使用“bullet_lib.lib(btOptimizedBvh.obj)”或在“”中寻找)；正在链接对象，如同没有调试信息一样
glfw3.lib(init.obj) : warning LNK4099: 未找到 PDB“”(使用“glfw3.lib(init.obj)”或在“”中寻找)；正在链接对象，如同没有调试信息一样
glfw3.lib(window.obj) : warning LNK4099: 未找到 PDB“”(使用“glfw3.lib(window.obj)”或在“”中寻找)；正在链接对象，如同没有调试信息一样
glfw3.lib(input.obj) : warning LNK4099: 未找到 PDB“”(使用“glfw3.lib(input.obj)”或在“”中寻找)；正在链接对象，如同没有调试信息一样
glfw3.lib(context.obj) : warning LNK4099: 未找到 PDB“”(使用“glfw3.lib(context.obj)”或在“”中寻找)；正在链接对象，如同没有调试信息一样
glfw3.lib(win32_init.obj) : warning LNK4099: 未找到 PDB“”(使用“glfw3.lib(win32_init.obj)”或在“”中寻找)；正在链接对象，如同没有调试信息一样
glfw3.lib(win32_monitor.obj) : warning LNK4099: 未找到 PDB“”(使用“glfw3.lib(win32_monitor.obj)”或在“”中寻找)；正在链接对象，如同没有调试信息一样
glfw3.lib(win32_time.obj) : warning LNK4099: 未找到 PDB“”(使用“glfw3.lib(win32_time.obj)”或在“”中寻找)；正在链接对象，如同没有调试信息一样
glfw3.lib(win32_thread.obj) : warning LNK4099: 未找到 PDB“”(使用“glfw3.lib(win32_thread.obj)”或在“”中寻找)；正在链接对象，如同没有调试信息一样
glfw3.lib(monitor.obj) : warning LNK4099: 未找到 PDB“”(使用“glfw3.lib(monitor.obj)”或在“”中寻找)；正在链接对象，如同没有调试信息一样
glfw3.lib(vulkan.obj) : warning LNK4099: 未找到 PDB“”(使用“glfw3.lib(vulkan.obj)”或在“”中寻找)；正在链接对象，如同没有调试信息一样
glfw3.lib(win32_window.obj) : warning LNK4099: 未找到 PDB“”(使用“glfw3.lib(win32_window.obj)”或在“”中寻找)；正在链接对象，如同没有调试信息一样
glfw3.lib(win32_joystick.obj) : warning LNK4099: 未找到 PDB“”(使用“glfw3.lib(win32_joystick.obj)”或在“”中寻找)；正在链接对象，如同没有调试信息一样
glfw3.lib(wgl_context.obj) : warning LNK4099: 未找到 PDB“”(使用“glfw3.lib(wgl_context.obj)”或在“”中寻找)；正在链接对象，如同没有调试信息一样
glfw3.lib(egl_context.obj) : warning LNK4099: 未找到 PDB“”(使用“glfw3.lib(egl_context.obj)”或在“”中寻找)；正在链接对象，如同没有调试信息一样
glfw3.lib(osmesa_context.obj) : warning LNK4099: 未找到 PDB“”(使用“glfw3.lib(osmesa_context.obj)”或在“”中寻找)；正在链接对象，如同没有调试信息一样
D:\Code\C++\2023 Autumn\Computer Graphics\Projects\ComputerGraphics\BigHW_vs\x64\Debug\BigHW_vs.exe : fatal error LNK1169: 找到一个或多个多重定义的符号
